# This is a sample menu.lst file. You should make some changes to it.
# The old install method of booting via the stage-files has been removed.
# Please install GRLDR boot strap code to MBR with the bootlace.com
# utility under DOS/Win9x or Linux.
#
# It must be UTF-8 encoding for multi-lingual support. Font lines can be
# appended to the file. The font lines should be in the unifont.hex format.

color blue/green yellow/red white/magenta white/magenta
timeout 30
## menu border color
color border=0xEEFFEE
## set vbe mode
graphicsmode -1 640:800 480:600 24:32 || graphicsmode -1 -1 -1 24:32
## loading splashimage
splashimage /boot/grub/splashimage.xpm || splashimage /boot/grub/splashimage.bmp
default /default
## Menu AutoNumber
write 0x8274 0x2001

title /grub/menu/menu.lst
fallback +1
find --set-root --ignore-floppies --ignore-cd /grub/menu/menu.lst
configfile /grub/menu/menu.lst

title 0PE LiveISO
find --set-root --ignore-floppies --ignore-cd /0PE.ISO
map /0PE.ISO (0xff)
map --hook
chainloader (0xff)
savedefault --wait=2

title MicroPE LiveISO
find --set-root --ignore-floppies --ignore-cd /MicroPE.ISO
map /MicroPE.ISO (0xff)
map --hook
chainloader (0xff)
savedefault --wait=2

title Parted Magic LiveISO
find --set-root --ignore-floppies --ignore-cd /pmagic_2016_03_02.iso
map /pmagic_2016_03_02.iso (0xff)
map --hook
chainloader (0xff)
savedefault --wait=2

title Ultimate Boot CD LiveISO
find --set-root --ignore-floppies --ignore-cd /ubcd535.iso
map /ubcd535.iso (0xff)
map --hook
chainloader (0xff)
savedefault --wait=2

title SliTaz LiveISO
find --set-root --ignore-floppies --ignore-cd /slitaz-4.0.iso
map /slitaz-4.0.iso (0xff)
map --hook
chainloader (0xff)

title Mageia Installation ISO
find --set-root --ignore-floppies --ignore-cd /mageia.iso
map /mageia.iso (0xff)
map --hook
chainloader (0xff)

title MAXDOS.IMG
find --set-root --ignore-floppies --ignore-cd /sources/boot/MAXDOS.IMG
map --mem /sources/boot/MAXDOS.IMG (fd0)
map --hook
chainloader (fd0)+1
rootnoverify (fd0)

title MSDOS98.IMG
find --set-root --ignore-floppies --ignore-cd /sources/boot/MSDOS98.IMG
map --mem /sources/boot/MSDOS98.IMG (fd0)
map --hook
chainloader (fd0)+1
rootnoverify (fd0)

title commandline
commandline

title reboot (重启)
reboot

title halt (关机)
halt

# In the end, font lines for unicode chars in unifont.hex format.
# It should include all unicode chars used in the above menu code.
# Surely normal ASCII chars are not necessary to be included here.

5173:10100810082000003FF8010001000100FFFE010002800280044008203018C006
542F:010000801FFC1004100410041FFC10001000100017FC24042404440487FC0404
673A:100011F011101110FD10111031103910551055109110111211121212120E1400
91CD:001000F83F000100FFFE01001FF011101FF011101FF001003FF80100FFFE0000



